10 20 30 40 50 60 70 80 90 100 
Exhaustive: No match.
Div & conq: No match.

-1 0 1 2 3 4 5 6 7 8 
Exhaustive: No match.
Div & conq: No match.

0 1 2 3 4 15 16 17 18 19 
Exhaustive: A[0] = 0
Div & conq: A[4] = 4

-9 -8 -7 -6 -5 -4 -3 0 8 9 
Exhaustive: A[8] = 8
Div & conq: A[8] = 8

-11 -10 2 13 14 15 16 17 18 19 
Exhaustive: A[2] = 2
Div & conq: A[2] = 2

-1 0 1 2 3 5 16 17 18 19 
Exhaustive: A[5] = 5
Div & conq: A[5] = 5

-1 0 1 2 3 4 5 6 8 
Exhaustive: A[8] = 8
Div & conq: A[8] = 8

0 11 12 13 14 15 16 17 18 
Exhaustive: A[0] = 0
Div & conq: A[0] = 0

